This is pdfTeX, Version 3.14159265-2.6-1.40.17 (MiKTeX 2.9) (preloaded format=pdflatex 2016.8.14)  3 MAY 2017 19:01
entering extended mode
**./thesis.tex
(thesis.tex
LaTeX2e <2016/03/31> patch level 1
Babel <3.9r> and hyphenation patterns for 75 language(s) loaded.
(puthesis.cls
Document Class: puthesis 2011/02/16 v1.4.2 Princeton University Thesis class
("C:\Program Files (x86)\MiKTeX 2.9\tex\latex\setspace\setspace.sty"
Package: setspace 2011/12/19 v6.7a set line spacing
)
(C:\Users\Main\AppData\Roaming\MiKTeX\2.9\tex\latex\xcolor\xcolor.sty
Package: xcolor 2016/05/11 v2.12 LaTeX color extensions (UK)

("C:\Program Files (x86)\MiKTeX 2.9\tex\latex\00miktex\color.cfg"
File: color.cfg 2016/01/02 v1.6 sample color configuration
)
Package xcolor Info: Driver file: pdftex.def on input line 225.

("C:\Program Files (x86)\MiKTeX 2.9\tex\latex\pdftex-def\pdftex.def"
File: pdftex.def 2016/06/17 v0.06h Graphics/color for pdfTeX

("C:\Program Files (x86)\MiKTeX 2.9\tex\generic\oberdiek\infwarerr.sty"
Package: infwarerr 2016/05/16 v1.4 Providing info/warning/error messages (HO)
)
("C:\Program Files (x86)\MiKTeX 2.9\tex\generic\oberdiek\ltxcmds.sty"
Package: ltxcmds 2016/05/16 v1.23 LaTeX kernel commands for general use (HO)
)
\Gread@gobject=\count79
)
Package xcolor Info: Model `cmy' substituted by `cmy0' on input line 1348.
Package xcolor Info: Model `hsb' substituted by `rgb' on input line 1352.
Package xcolor Info: Model `RGB' extended on input line 1364.
Package xcolor Info: Model `HTML' substituted by `rgb' on input line 1366.
Package xcolor Info: Model `Hsb' substituted by `hsb' on input line 1367.
Package xcolor Info: Model `tHsb' substituted by `hsb' on input line 1368.
Package xcolor Info: Model `HSB' substituted by `hsb' on input line 1369.
Package xcolor Info: Model `Gray' substituted by `gray' on input line 1370.
Package xcolor Info: Model `wave' substituted by `hsb' on input line 1371.
)
\c@subyear=\count80

("C:\Program Files (x86)\MiKTeX 2.9\tex\latex\base\report.cls"
Document Class: report 2014/09/29 v1.4h Standard LaTeX document class
("C:\Program Files (x86)\MiKTeX 2.9\tex\latex\base\size12.clo"
File: size12.clo 2014/09/29 v1.4h Standard LaTeX file (size option)
)
\c@part=\count81
\c@chapter=\count82
\c@section=\count83
\c@subsection=\count84
\c@subsubsection=\count85
\c@paragraph=\count86
\c@subparagraph=\count87
\c@figure=\count88
\c@table=\count89
\abovecaptionskip=\skip41
\belowcaptionskip=\skip42
\bibindent=\dimen102
))
(rrp-macro-file.tex
("C:\Program Files (x86)\MiKTeX 2.9\tex\latex\amscls\amsthm.sty"
Package: amsthm 2015/03/04 v2.20.2
\thm@style=\toks14
\thm@bodyfont=\toks15
\thm@headfont=\toks16
\thm@notefont=\toks17
\thm@headpunct=\toks18
\thm@preskip=\skip43
\thm@postskip=\skip44
\thm@headsep=\skip45
\dth@everypar=\toks19
)
("C:\Program Files (x86)\MiKTeX 2.9\tex\latex\amsmath\amsmath.sty"
Package: amsmath 2016/03/10 v2.15b AMS math features
\@mathmargin=\skip46

For additional information on amsmath, use the `?' option.
("C:\Program Files (x86)\MiKTeX 2.9\tex\latex\amsmath\amstext.sty"
Package: amstext 2000/06/29 v2.01 AMS text

("C:\Program Files (x86)\MiKTeX 2.9\tex\latex\amsmath\amsgen.sty"
File: amsgen.sty 1999/11/30 v2.0 generic functions
\@emptytoks=\toks20
\ex@=\dimen103
))
("C:\Program Files (x86)\MiKTeX 2.9\tex\latex\amsmath\amsbsy.sty"
Package: amsbsy 1999/11/29 v1.2d Bold Symbols
\pmbraise@=\dimen104
)
("C:\Program Files (x86)\MiKTeX 2.9\tex\latex\amsmath\amsopn.sty"
Package: amsopn 2016/03/08 v2.02 operator names
)
\inf@bad=\count90
LaTeX Info: Redefining \frac on input line 199.
\uproot@=\count91
\leftroot@=\count92
LaTeX Info: Redefining \overline on input line 297.
\classnum@=\count93
\DOTSCASE@=\count94
LaTeX Info: Redefining \ldots on input line 394.
LaTeX Info: Redefining \dots on input line 397.
LaTeX Info: Redefining \cdots on input line 518.
\Mathstrutbox@=\box26
\strutbox@=\box27
\big@size=\dimen105
LaTeX Font Info:    Redeclaring font encoding OML on input line 634.
LaTeX Font Info:    Redeclaring font encoding OMS on input line 635.
\macc@depth=\count95
\c@MaxMatrixCols=\count96
\dotsspace@=\muskip10
\c@parentequation=\count97
\dspbrk@lvl=\count98
\tag@help=\toks21
\row@=\count99
\column@=\count100
\maxfields@=\count101
\andhelp@=\toks22
\eqnshift@=\dimen106
\alignsep@=\dimen107
\tagshift@=\dimen108
\tagwidth@=\dimen109
\totwidth@=\dimen110
\lineht@=\dimen111
\@envbody=\toks23
\multlinegap=\skip47
\multlinetaggap=\skip48
\mathdisplay@stack=\toks24
LaTeX Info: Redefining \[ on input line 2739.
LaTeX Info: Redefining \] on input line 2740.
)
("C:\Program Files (x86)\MiKTeX 2.9\tex\latex\amsfonts\amssymb.sty"
Package: amssymb 2013/01/14 v3.01 AMS font symbols

("C:\Program Files (x86)\MiKTeX 2.9\tex\latex\amsfonts\amsfonts.sty"
Package: amsfonts 2013/01/14 v3.01 Basic AMSFonts support
\symAMSa=\mathgroup4
\symAMSb=\mathgroup5
LaTeX Font Info:    Overwriting math alphabet `\mathfrak' in version `bold'
(Font)                  U/euf/m/n --> U/euf/b/n on input line 106.
))
("C:\Program Files (x86)\MiKTeX 2.9\tex\latex\tools\bm.sty"
Package: bm 2016/02/27 v1.2a Bold Symbol Support (DPC/FMi)
\symboldoperators=\mathgroup6
\symboldletters=\mathgroup7
\symboldsymbols=\mathgroup8
LaTeX Font Info:    Redeclaring math alphabet \mathbf on input line 142.
LaTeX Info: Redefining \bm on input line 208.
)
("C:\Program Files (x86)\MiKTeX 2.9\tex\latex\jknappen\mathrsfs.sty"
Package: mathrsfs 1996/01/01 Math RSFS package v1.0 (jk)
\symrsfs=\mathgroup9
)
(C:\Users\Main\AppData\Roaming\MiKTeX\2.9\tex\latex\algorithms\algorithm.sty
Package: algorithm 2009/08/24 v0.1 Document Style `algorithm' - floating enviro
nment

("C:\Program Files (x86)\MiKTeX 2.9\tex\latex\float\float.sty"
Package: float 2001/11/08 v1.3d Float enhancements (AL)
\c@float@type=\count102
\float@exts=\toks25
\float@box=\box28
\@float@everytoks=\toks26
\@floatcapt=\box29
)
("C:\Program Files (x86)\MiKTeX 2.9\tex\latex\base\ifthen.sty"
Package: ifthen 2014/09/29 v1.1c Standard LaTeX ifthen package (DPC)
)
\@float@every@algorithm=\toks27
\c@algorithm=\count103
)
(C:\Users\Main\AppData\Roaming\MiKTeX\2.9\tex\latex\algorithmicx\algpseudocode.
sty
Package: algpseudocode 

(C:\Users\Main\AppData\Roaming\MiKTeX\2.9\tex\latex\algorithmicx\algorithmicx.s
ty
Package: algorithmicx 2005/04/27 v1.2 Algorithmicx

Document Style algorithmicx 1.2 - a greatly improved `algorithmic' style
\c@ALG@line=\count104
\c@ALG@rem=\count105
\c@ALG@nested=\count106
\ALG@tlm=\skip49
\ALG@thistlm=\skip50
\c@ALG@Lnr=\count107
\c@ALG@blocknr=\count108
\c@ALG@storecount=\count109
\c@ALG@tmpcounter=\count110
\ALG@tmplength=\skip51
)
Document Style - pseudocode environments for use with the `algorithmicx' style
) (C:\Users\Main\AppData\Roaming\MiKTeX\2.9\tex\latex\url\url.sty
\Urlmuskip=\muskip11
Package: url 2013/09/16  ver 3.4  Verb mode for urls, etc.
)
(C:\Users\Main\AppData\Roaming\MiKTeX\2.9\tex\latex\supertabular\supertabular.s
ty
Package: supertabular 2004/02/20 v4.1e the supertabular environment
\c@tracingst=\count111
\ST@wd=\dimen112
\ST@rightskip=\skip52
\ST@leftskip=\skip53
\ST@parfillskip=\skip54
\ST@pageleft=\dimen113
\ST@headht=\dimen114
\ST@tailht=\dimen115
\ST@pagesofar=\dimen116
\ST@pboxht=\dimen117
\ST@lineht=\dimen118
\ST@stretchht=\dimen119
\ST@prevht=\dimen120
\ST@toadd=\dimen121
\ST@dimen=\dimen122
\ST@pbox=\box30
)
\c@bigthm=\count112
\c@thm=\count113
) ("C:\Program Files (x86)\MiKTeX 2.9\tex\latex\oberdiek\epstopdf.sty"
Package: epstopdf 2016/05/15 v2.6 Conversion with epstopdf on the fly (HO)

("C:\Program Files (x86)\MiKTeX 2.9\tex\latex\oberdiek\epstopdf-base.sty"
Package: epstopdf-base 2016/05/15 v2.6 Base part for package epstopdf

("C:\Program Files (x86)\MiKTeX 2.9\tex\latex\oberdiek\grfext.sty"
Package: grfext 2016/05/16 v1.2 Manage graphics extensions (HO)

("C:\Program Files (x86)\MiKTeX 2.9\tex\generic\oberdiek\kvdefinekeys.sty"
Package: kvdefinekeys 2016/05/16 v1.4 Define keys (HO)
))
("C:\Program Files (x86)\MiKTeX 2.9\tex\latex\oberdiek\kvoptions.sty"
Package: kvoptions 2016/05/16 v3.12 Key value format for package options (HO)

("C:\Program Files (x86)\MiKTeX 2.9\tex\latex\graphics\keyval.sty"
Package: keyval 2014/10/28 v1.15 key=value parser (DPC)
\KV@toks@=\toks28
)
("C:\Program Files (x86)\MiKTeX 2.9\tex\generic\oberdiek\kvsetkeys.sty"
Package: kvsetkeys 2016/05/16 v1.17 Key value parser (HO)

("C:\Program Files (x86)\MiKTeX 2.9\tex\generic\oberdiek\etexcmds.sty"
Package: etexcmds 2016/05/16 v1.6 Avoid name clashes with e-TeX commands (HO)

("C:\Program Files (x86)\MiKTeX 2.9\tex\generic\oberdiek\ifluatex.sty"
Package: ifluatex 2016/05/16 v1.4 Provides the ifluatex switch (HO)
Package ifluatex Info: LuaTeX not detected.
)
Package etexcmds Info: Could not find \expanded.
(etexcmds)             That can mean that you are not using pdfTeX 1.50 or
(etexcmds)             that some package has redefined \expanded.
(etexcmds)             In the latter case, load this package earlier.
)))
("C:\Program Files (x86)\MiKTeX 2.9\tex\generic\oberdiek\pdftexcmds.sty"
Package: pdftexcmds 2016/05/21 v0.22 Utility functions of pdfTeX for LuaTeX (HO
)

("C:\Program Files (x86)\MiKTeX 2.9\tex\generic\oberdiek\ifpdf.sty"
Package: ifpdf 2016/05/14 v3.1 Provides the ifpdf switch
)
Package pdftexcmds Info: LuaTeX not detected.
Package pdftexcmds Info: \pdf@primitive is available.
Package pdftexcmds Info: \pdf@ifprimitive is available.
Package pdftexcmds Info: \pdfdraftmode found.
)

Package epstopdf Warning: No graphics package `graphic{s,x}' loaded.

)) ("C:\Program Files (x86)\MiKTeX 2.9\tex\latex\graphics\epsfig.sty"
Package: epsfig 1999/02/16 v1.7a (e)psfig emulation (SPQR)

("C:\Program Files (x86)\MiKTeX 2.9\tex\latex\graphics\graphicx.sty"
Package: graphicx 2014/10/28 v1.0g Enhanced LaTeX Graphics (DPC,SPQR)

("C:\Program Files (x86)\MiKTeX 2.9\tex\latex\graphics\graphics.sty"
Package: graphics 2016/06/02 v1.0s Standard LaTeX Graphics (DPC,SPQR)

("C:\Program Files (x86)\MiKTeX 2.9\tex\latex\graphics\trig.sty"
Package: trig 2016/01/03 v1.10 sin cos tan (DPC)
)
("C:\Program Files (x86)\MiKTeX 2.9\tex\latex\00miktex\graphics.cfg"
File: graphics.cfg 2016/06/04 v1.11 sample graphics configuration
)
Package graphics Info: Driver file: pdftex.def on input line 99.
)
\Gin@req@height=\dimen123
\Gin@req@width=\dimen124
)
\epsfxsize=\dimen125
\epsfysize=\dimen126
)
("C:\Program Files (x86)\MiKTeX 2.9\tex\latex\epigraph\epigraph.sty"
Package: epigraph 2009/09/02 v1.5c typesetting epigraphs
\beforeepigraphskip=\skip55
\afterepigraphskip=\skip56
\epigraphwidth=\skip57
\epigraphrule=\skip58
)
("C:\Program Files (x86)\MiKTeX 2.9\tex\latex\base\latexsym.sty"
Package: latexsym 1998/08/17 v2.2e Standard LaTeX package (lasy symbols)
\symlasy=\mathgroup10
LaTeX Font Info:    Overwriting symbol font `lasy' in version `bold'
(Font)                  U/lasy/m/n --> U/lasy/b/n on input line 52.
)
(C:\Users\Main\AppData\Roaming\MiKTeX\2.9\tex\latex\caption\caption.sty
Package: caption 2016/02/21 v3.3-144 Customizing captions (AR)

(C:\Users\Main\AppData\Roaming\MiKTeX\2.9\tex\latex\caption\caption3.sty
Package: caption3 2016/05/22 v1.7-166 caption3 kernel (AR)
Package caption3 Info: TeX engine: e-TeX on input line 67.
\captionmargin=\dimen127
\captionmargin@=\dimen128
\captionwidth=\dimen129
\caption@tempdima=\dimen130
\caption@indent=\dimen131
\caption@parindent=\dimen132
\caption@hangindent=\dimen133
)
\c@ContinuedFloat=\count114
Package caption Info: float package is loaded.
Package caption Info: supertabular package is loaded.
)
(C:\Users\Main\AppData\Roaming\MiKTeX\2.9\tex\latex\subfig\subfig.sty
Package: subfig 2005/06/28 ver: 1.3 subfig package
\c@KVtest=\count115
\sf@farskip=\skip59
\sf@captopadj=\dimen134
\sf@capskip=\skip60
\sf@nearskip=\skip61
\c@subfigure=\count116
\c@subfigure@save=\count117
\c@lofdepth=\count118
\c@subtable=\count119
\c@subtable@save=\count120
\c@lotdepth=\count121
\sf@top=\skip62
\sf@bottom=\skip63
)
("C:\Program Files (x86)\MiKTeX 2.9\tex\latex\overpic\overpic.sty"
Package: overpic 2010/09/13 v0.53  Overwriting graphics

Package: overpic v0.53 <2010/09/13> (RN)
("C:\Program Files (x86)\MiKTeX 2.9\tex\latex\eepic\epic.sty"
Enhancements to Picture Environment. Version 1.2 - Released June 1, 1986
\@@multicnt=\count122
\d@lta=\count123
\@delta=\dimen135
\@@delta=\dimen136
\@gridcnt=\count124
\@joinkind=\count125
\@dotgap=\dimen137
\@ddotgap=\dimen138
\@x@diff=\count126
\@y@diff=\count127
\x@diff=\dimen139
\y@diff=\dimen140
\@dotbox=\box31
\num@segments=\count128
\num@segmentsi=\count129
\@datafile=\read1
)
overpic: relative positioning in percent
) ("C:\Program Files (x86)\MiKTeX 2.9\tex\generic\babel\babel.sty"
Package: babel 2016/04/23 3.9r The Babel package

*************************************
* Local config file bblopts.cfg used
*
("C:\Program Files (x86)\MiKTeX 2.9\tex\latex\arabi\bblopts.cfg"
File: bblopts.cfg 2005/09/08 v0.1 add Arabic and Farsi to "declared" options of
 babel
)
("C:\Program Files (x86)\MiKTeX 2.9\tex\latex\babel-english\english.ldf"
Language: english 2012/08/20 v3.3p English support from the babel system

("C:\Program Files (x86)\MiKTeX 2.9\tex\generic\babel\babel.def"
File: babel.def 2016/04/23 3.9r Babel common definitions
\babel@savecnt=\count130
\U@D=\dimen141
)
\l@canadian = a dialect from \language\l@american 
\l@australian = a dialect from \language\l@british 
\l@newzealand = a dialect from \language\l@british 
))
("C:\Program Files (x86)\MiKTeX 2.9\tex\latex\base\inputenc.sty"
Package: inputenc 2015/03/17 v1.2c Input encoding file
\inpenc@prehook=\toks29
\inpenc@posthook=\toks30

("C:\Program Files (x86)\MiKTeX 2.9\tex\latex\base\utf8.def"
File: utf8.def 2016/02/28 v1.1s UTF-8 support for inputenc
Now handling font encoding OML ...
... no UTF-8 mapping file for font encoding OML
Now handling font encoding T1 ...
... processing UTF-8 mapping file for font encoding T1

("C:\Program Files (x86)\MiKTeX 2.9\tex\latex\base\t1enc.dfu"
File: t1enc.dfu 2016/02/28 v1.1s UTF-8 support for inputenc
   defining Unicode char U+00A0 (decimal 160)
   defining Unicode char U+00A1 (decimal 161)
   defining Unicode char U+00A3 (decimal 163)
   defining Unicode char U+00AB (decimal 171)
   defining Unicode char U+00AD (decimal 173)
   defining Unicode char U+00BB (decimal 187)
   defining Unicode char U+00BF (decimal 191)
   defining Unicode char U+00C0 (decimal 192)
   defining Unicode char U+00C1 (decimal 193)
   defining Unicode char U+00C2 (decimal 194)
   defining Unicode char U+00C3 (decimal 195)
   defining Unicode char U+00C4 (decimal 196)
   defining Unicode char U+00C5 (decimal 197)
   defining Unicode char U+00C6 (decimal 198)
   defining Unicode char U+00C7 (decimal 199)
   defining Unicode char U+00C8 (decimal 200)
   defining Unicode char U+00C9 (decimal 201)
   defining Unicode char U+00CA (decimal 202)
   defining Unicode char U+00CB (decimal 203)
   defining Unicode char U+00CC (decimal 204)
   defining Unicode char U+00CD (decimal 205)
   defining Unicode char U+00CE (decimal 206)
   defining Unicode char U+00CF (decimal 207)
   defining Unicode char U+00D0 (decimal 208)
   defining Unicode char U+00D1 (decimal 209)
   defining Unicode char U+00D2 (decimal 210)
   defining Unicode char U+00D3 (decimal 211)
   defining Unicode char U+00D4 (decimal 212)
   defining Unicode char U+00D5 (decimal 213)
   defining Unicode char U+00D6 (decimal 214)
   defining Unicode char U+00D8 (decimal 216)
   defining Unicode char U+00D9 (decimal 217)
   defining Unicode char U+00DA (decimal 218)
   defining Unicode char U+00DB (decimal 219)
   defining Unicode char U+00DC (decimal 220)
   defining Unicode char U+00DD (decimal 221)
   defining Unicode char U+00DE (decimal 222)
   defining Unicode char U+00DF (decimal 223)
   defining Unicode char U+00E0 (decimal 224)
   defining Unicode char U+00E1 (decimal 225)
   defining Unicode char U+00E2 (decimal 226)
   defining Unicode char U+00E3 (decimal 227)
   defining Unicode char U+00E4 (decimal 228)
   defining Unicode char U+00E5 (decimal 229)
   defining Unicode char U+00E6 (decimal 230)
   defining Unicode char U+00E7 (decimal 231)
   defining Unicode char U+00E8 (decimal 232)
   defining Unicode char U+00E9 (decimal 233)
   defining Unicode char U+00EA (decimal 234)
   defining Unicode char U+00EB (decimal 235)
   defining Unicode char U+00EC (decimal 236)
   defining Unicode char U+00ED (decimal 237)
   defining Unicode char U+00EE (decimal 238)
   defining Unicode char U+00EF (decimal 239)
   defining Unicode char U+00F0 (decimal 240)
   defining Unicode char U+00F1 (decimal 241)
   defining Unicode char U+00F2 (decimal 242)
   defining Unicode char U+00F3 (decimal 243)
   defining Unicode char U+00F4 (decimal 244)
   defining Unicode char U+00F5 (decimal 245)
   defining Unicode char U+00F6 (decimal 246)
   defining Unicode char U+00F8 (decimal 248)
   defining Unicode char U+00F9 (decimal 249)
   defining Unicode char U+00FA (decimal 250)
   defining Unicode char U+00FB (decimal 251)
   defining Unicode char U+00FC (decimal 252)
   defining Unicode char U+00FD (decimal 253)
   defining Unicode char U+00FE (decimal 254)
   defining Unicode char U+00FF (decimal 255)
   defining Unicode char U+0100 (decimal 256)
   defining Unicode char U+0101 (decimal 257)
   defining Unicode char U+0102 (decimal 258)
   defining Unicode char U+0103 (decimal 259)
   defining Unicode char U+0104 (decimal 260)
   defining Unicode char U+0105 (decimal 261)
   defining Unicode char U+0106 (decimal 262)
   defining Unicode char U+0107 (decimal 263)
   defining Unicode char U+0108 (decimal 264)
   defining Unicode char U+0109 (decimal 265)
   defining Unicode char U+010A (decimal 266)
   defining Unicode char U+010B (decimal 267)
   defining Unicode char U+010C (decimal 268)
   defining Unicode char U+010D (decimal 269)
   defining Unicode char U+010E (decimal 270)
   defining Unicode char U+010F (decimal 271)
   defining Unicode char U+0110 (decimal 272)
   defining Unicode char U+0111 (decimal 273)
   defining Unicode char U+0112 (decimal 274)
   defining Unicode char U+0113 (decimal 275)
   defining Unicode char U+0114 (decimal 276)
   defining Unicode char U+0115 (decimal 277)
   defining Unicode char U+0116 (decimal 278)
   defining Unicode char U+0117 (decimal 279)
   defining Unicode char U+0118 (decimal 280)
   defining Unicode char U+0119 (decimal 281)
   defining Unicode char U+011A (decimal 282)
   defining Unicode char U+011B (decimal 283)
   defining Unicode char U+011C (decimal 284)
   defining Unicode char U+011D (decimal 285)
   defining Unicode char U+011E (decimal 286)
   defining Unicode char U+011F (decimal 287)
   defining Unicode char U+0120 (decimal 288)
   defining Unicode char U+0121 (decimal 289)
   defining Unicode char U+0122 (decimal 290)
   defining Unicode char U+0123 (decimal 291)
   defining Unicode char U+0124 (decimal 292)
   defining Unicode char U+0125 (decimal 293)
   defining Unicode char U+0128 (decimal 296)
   defining Unicode char U+0129 (decimal 297)
   defining Unicode char U+012A (decimal 298)
   defining Unicode char U+012B (decimal 299)
   defining Unicode char U+012C (decimal 300)
   defining Unicode char U+012D (decimal 301)
   defining Unicode char U+012E (decimal 302)
   defining Unicode char U+012F (decimal 303)
   defining Unicode char U+0130 (decimal 304)
   defining Unicode char U+0131 (decimal 305)
   defining Unicode char U+0132 (decimal 306)
   defining Unicode char U+0133 (decimal 307)
   defining Unicode char U+0134 (decimal 308)
   defining Unicode char U+0135 (decimal 309)
   defining Unicode char U+0136 (decimal 310)
   defining Unicode char U+0137 (decimal 311)
   defining Unicode char U+0139 (decimal 313)
   defining Unicode char U+013A (decimal 314)
   defining Unicode char U+013B (decimal 315)
   defining Unicode char U+013C (decimal 316)
   defining Unicode char U+013D (decimal 317)
   defining Unicode char U+013E (decimal 318)
   defining Unicode char U+0141 (decimal 321)
   defining Unicode char U+0142 (decimal 322)
   defining Unicode char U+0143 (decimal 323)
   defining Unicode char U+0144 (decimal 324)
   defining Unicode char U+0145 (decimal 325)
   defining Unicode char U+0146 (decimal 326)
   defining Unicode char U+0147 (decimal 327)
   defining Unicode char U+0148 (decimal 328)
   defining Unicode char U+014A (decimal 330)
   defining Unicode char U+014B (decimal 331)
   defining Unicode char U+014C (decimal 332)
   defining Unicode char U+014D (decimal 333)
   defining Unicode char U+014E (decimal 334)
   defining Unicode char U+014F (decimal 335)
   defining Unicode char U+0150 (decimal 336)
   defining Unicode char U+0151 (decimal 337)
   defining Unicode char U+0152 (decimal 338)
   defining Unicode char U+0153 (decimal 339)
   defining Unicode char U+0154 (decimal 340)
   defining Unicode char U+0155 (decimal 341)
   defining Unicode char U+0156 (decimal 342)
   defining Unicode char U+0157 (decimal 343)
   defining Unicode char U+0158 (decimal 344)
   defining Unicode char U+0159 (decimal 345)
   defining Unicode char U+015A (decimal 346)
   defining Unicode char U+015B (decimal 347)
   defining Unicode char U+015C (decimal 348)
   defining Unicode char U+015D (decimal 349)
   defining Unicode char U+015E (decimal 350)
   defining Unicode char U+015F (decimal 351)
   defining Unicode char U+0160 (decimal 352)
   defining Unicode char U+0161 (decimal 353)
   defining Unicode char U+0162 (decimal 354)
   defining Unicode char U+0163 (decimal 355)
   defining Unicode char U+0164 (decimal 356)
   defining Unicode char U+0165 (decimal 357)
   defining Unicode char U+0168 (decimal 360)
   defining Unicode char U+0169 (decimal 361)
   defining Unicode char U+016A (decimal 362)
   defining Unicode char U+016B (decimal 363)
   defining Unicode char U+016C (decimal 364)
   defining Unicode char U+016D (decimal 365)
   defining Unicode char U+016E (decimal 366)
   defining Unicode char U+016F (decimal 367)
   defining Unicode char U+0170 (decimal 368)
   defining Unicode char U+0171 (decimal 369)
   defining Unicode char U+0172 (decimal 370)
   defining Unicode char U+0173 (decimal 371)
   defining Unicode char U+0174 (decimal 372)
   defining Unicode char U+0175 (decimal 373)
   defining Unicode char U+0176 (decimal 374)
   defining Unicode char U+0177 (decimal 375)
   defining Unicode char U+0178 (decimal 376)
   defining Unicode char U+0179 (decimal 377)
   defining Unicode char U+017A (decimal 378)
   defining Unicode char U+017B (decimal 379)
   defining Unicode char U+017C (decimal 380)
   defining Unicode char U+017D (decimal 381)
   defining Unicode char U+017E (decimal 382)
   defining Unicode char U+01CD (decimal 461)
   defining Unicode char U+01CE (decimal 462)
   defining Unicode char U+01CF (decimal 463)
   defining Unicode char U+01D0 (decimal 464)
   defining Unicode char U+01D1 (decimal 465)
   defining Unicode char U+01D2 (decimal 466)
   defining Unicode char U+01D3 (decimal 467)
   defining Unicode char U+01D4 (decimal 468)
   defining Unicode char U+01E2 (decimal 482)
   defining Unicode char U+01E3 (decimal 483)
   defining Unicode char U+01E6 (decimal 486)
   defining Unicode char U+01E7 (decimal 487)
   defining Unicode char U+01E8 (decimal 488)
   defining Unicode char U+01E9 (decimal 489)
   defining Unicode char U+01EA (decimal 490)
   defining Unicode char U+01EB (decimal 491)
   defining Unicode char U+01F0 (decimal 496)
   defining Unicode char U+01F4 (decimal 500)
   defining Unicode char U+01F5 (decimal 501)
   defining Unicode char U+0218 (decimal 536)
   defining Unicode char U+0219 (decimal 537)
   defining Unicode char U+021A (decimal 538)
   defining Unicode char U+021B (decimal 539)
   defining Unicode char U+1E02 (decimal 7682)
   defining Unicode char U+1E03 (decimal 7683)
   defining Unicode char U+200C (decimal 8204)
   defining Unicode char U+2010 (decimal 8208)
   defining Unicode char U+2011 (decimal 8209)
   defining Unicode char U+2012 (decimal 8210)
   defining Unicode char U+2013 (decimal 8211)
   defining Unicode char U+2014 (decimal 8212)
   defining Unicode char U+2015 (decimal 8213)
   defining Unicode char U+2018 (decimal 8216)
   defining Unicode char U+2019 (decimal 8217)
   defining Unicode char U+201A (decimal 8218)
   defining Unicode char U+201C (decimal 8220)
   defining Unicode char U+201D (decimal 8221)
   defining Unicode char U+201E (decimal 8222)
   defining Unicode char U+2030 (decimal 8240)
   defining Unicode char U+2031 (decimal 8241)
   defining Unicode char U+2039 (decimal 8249)
   defining Unicode char U+203A (decimal 8250)
   defining Unicode char U+2423 (decimal 9251)
)
Now handling font encoding OT1 ...
... processing UTF-8 mapping file for font encoding OT1

("C:\Program Files (x86)\MiKTeX 2.9\tex\latex\base\ot1enc.dfu"
File: ot1enc.dfu 2016/02/28 v1.1s UTF-8 support for inputenc
   defining Unicode char U+00A0 (decimal 160)
   defining Unicode char U+00A1 (decimal 161)
   defining Unicode char U+00A3 (decimal 163)
   defining Unicode char U+00AD (decimal 173)
   defining Unicode char U+00B8 (decimal 184)
   defining Unicode char U+00BF (decimal 191)
   defining Unicode char U+00C5 (decimal 197)
   defining Unicode char U+00C6 (decimal 198)
   defining Unicode char U+00D8 (decimal 216)
   defining Unicode char U+00DF (decimal 223)
   defining Unicode char U+00E6 (decimal 230)
   defining Unicode char U+00EC (decimal 236)
   defining Unicode char U+00ED (decimal 237)
   defining Unicode char U+00EE (decimal 238)
   defining Unicode char U+00EF (decimal 239)
   defining Unicode char U+00F8 (decimal 248)
   defining Unicode char U+0131 (decimal 305)
   defining Unicode char U+0141 (decimal 321)
   defining Unicode char U+0142 (decimal 322)
   defining Unicode char U+0152 (decimal 338)
   defining Unicode char U+0153 (decimal 339)
   defining Unicode char U+0174 (decimal 372)
   defining Unicode char U+0175 (decimal 373)
   defining Unicode char U+0176 (decimal 374)
   defining Unicode char U+0177 (decimal 375)
   defining Unicode char U+0218 (decimal 536)
   defining Unicode char U+0219 (decimal 537)
   defining Unicode char U+021A (decimal 538)
   defining Unicode char U+021B (decimal 539)
   defining Unicode char U+2013 (decimal 8211)
   defining Unicode char U+2014 (decimal 8212)
   defining Unicode char U+2018 (decimal 8216)
   defining Unicode char U+2019 (decimal 8217)
   defining Unicode char U+201C (decimal 8220)
   defining Unicode char U+201D (decimal 8221)
)
Now handling font encoding OMS ...
... processing UTF-8 mapping file for font encoding OMS

("C:\Program Files (x86)\MiKTeX 2.9\tex\latex\base\omsenc.dfu"
File: omsenc.dfu 2016/02/28 v1.1s UTF-8 support for inputenc
   defining Unicode char U+00A7 (decimal 167)
   defining Unicode char U+00B6 (decimal 182)
   defining Unicode char U+00B7 (decimal 183)
   defining Unicode char U+2020 (decimal 8224)
   defining Unicode char U+2021 (decimal 8225)
   defining Unicode char U+2022 (decimal 8226)
)
Now handling font encoding OMX ...
... no UTF-8 mapping file for font encoding OMX
Now handling font encoding U ...
... no UTF-8 mapping file for font encoding U
   defining Unicode char U+00A9 (decimal 169)
   defining Unicode char U+00AA (decimal 170)
   defining Unicode char U+00AE (decimal 174)
   defining Unicode char U+00BA (decimal 186)
   defining Unicode char U+02C6 (decimal 710)
   defining Unicode char U+02DC (decimal 732)
   defining Unicode char U+200C (decimal 8204)
   defining Unicode char U+2026 (decimal 8230)
   defining Unicode char U+2122 (decimal 8482)
   defining Unicode char U+2423 (decimal 9251)
))
("C:\Program Files (x86)\MiKTeX 2.9\tex\latex\glossaries\base\glossaries.sty"
Package: glossaries 2017/01/19 v4.29 (NLCT)

("C:\Program Files (x86)\MiKTeX 2.9\tex\latex\xkeyval\xkeyval.sty"
Package: xkeyval 2014/12/03 v2.7a package option processing (HA)

("C:\Program Files (x86)\MiKTeX 2.9\tex\generic\xkeyval\xkeyval.tex"
("C:\Program Files (x86)\MiKTeX 2.9\tex\generic\xkeyval\xkvutils.tex"
\XKV@toks=\toks31
\XKV@tempa@toks=\toks32
)
\XKV@depth=\count131
File: xkeyval.tex 2014/12/03 v2.7a key=value parser (HA)
))
("C:\Program Files (x86)\MiKTeX 2.9\tex\latex\mfirstuc\mfirstuc.sty"
Package: mfirstuc 2016/07/31 v2.04 (NLCT)

("C:\Program Files (x86)\MiKTeX 2.9\tex\latex\etoolbox\etoolbox.sty"
Package: etoolbox 2017/01/02 v2.4 e-TeX tools for LaTeX (JAW)
\etb@tempcnta=\count132
)
\@glsmfirst=\toks33
\@glsmrest=\toks34
)
("C:\Program Files (x86)\MiKTeX 2.9\tex\latex\textcase\textcase.sty"
Package: textcase 2004/10/07 v0.07 Text only upper/lower case changing (DPC)
)
("C:\Program Files (x86)\MiKTeX 2.9\tex\latex\xfor\xfor.sty"
Package: xfor 2009/02/05 v1.05 (NLCT)
)
("C:\Program Files (x86)\MiKTeX 2.9\tex\latex\datatool\datatool-base.sty"
Package: datatool-base 2016/07/28 v2.27 (NLCT)

("C:\Program Files (x86)\MiKTeX 2.9\tex\latex\substr\substr.sty"
Package: substr 2009/10/20 v1.2 Handle substrings
\c@su@anzahl=\count133
)
("C:\Program Files (x86)\MiKTeX 2.9\tex\latex\datatool\datatool-fp.sty"
Package: datatool-fp 2016/07/28 v2.27 (NLCT)

("C:\Program Files (x86)\MiKTeX 2.9\tex\latex\fp\fp.sty"
Package: fp 1995/04/02

`Fixed Point Package', Version 0.8, April 2, 1995 (C) Michael Mehlich
("C:\Program Files (x86)\MiKTeX 2.9\tex\latex\fp\defpattern.sty"
Package: defpattern 1994/10/12
\actioncount=\count134
)
("C:\Program Files (x86)\MiKTeX 2.9\tex\latex\fp\fp-basic.sty"
Package: fp-basic 1996/05/13
\FP@xs=\count135
\FP@xia=\count136
\FP@xib=\count137
\FP@xfa=\count138
\FP@xfb=\count139
\FP@rega=\count140
\FP@regb=\count141
\FP@regs=\count142
\FP@times=\count143
)
("C:\Program Files (x86)\MiKTeX 2.9\tex\latex\fp\fp-addons.sty"
Package: fp-addons 1995/03/15
)
("C:\Program Files (x86)\MiKTeX 2.9\tex\latex\fp\fp-snap.sty"
Package: fp-snap 1995/04/05
)
("C:\Program Files (x86)\MiKTeX 2.9\tex\latex\fp\fp-exp.sty"
Package: fp-exp 1995/04/03
)
("C:\Program Files (x86)\MiKTeX 2.9\tex\latex\fp\fp-trigo.sty"
Package: fp-trigo 1995/04/14
)
("C:\Program Files (x86)\MiKTeX 2.9\tex\latex\fp\fp-pas.sty"
Package: fp-pas 1994/08/29
)
("C:\Program Files (x86)\MiKTeX 2.9\tex\latex\fp\fp-random.sty"
Package: fp-random 1995/02/23
\FPseed=\count144
)
("C:\Program Files (x86)\MiKTeX 2.9\tex\latex\fp\fp-eqn.sty"
Package: fp-eqn 1995/04/03
)
("C:\Program Files (x86)\MiKTeX 2.9\tex\latex\fp\fp-upn.sty"
Package: fp-upn 1996/10/21
)
("C:\Program Files (x86)\MiKTeX 2.9\tex\latex\fp\fp-eval.sty"
Package: fp-eval 1995/04/03
)))
\@dtl@toks=\toks35
\@dtl@tmpcount=\count145
\dtl@tmplength=\skip64
\dtl@sortresult=\count146
\@dtl@numgrpsepcount=\count147
\@dtl@datatype=\count148
\dtl@codeA=\count149
\dtl@codeB=\count150
\@dtl@foreach@level=\count151
)
("C:\Program Files (x86)\MiKTeX 2.9\tex\latex\glossaries\base\glossaries-compat
ible-307.sty"
Package: glossaries-compatible-307 2017/01/19 v4.29 (NLCT)
)
("C:\Program Files (x86)\MiKTeX 2.9\tex\latex\tracklang\tracklang.sty"
Package: tracklang 2017/03/25 v1.3.4 (NLCT) Track Languages

("C:\Program Files (x86)\MiKTeX 2.9\tex\generic\tracklang\tracklang.tex"))
("C:\Program Files (x86)\MiKTeX 2.9\tex\latex\beamer\translator\translator.sty"
Package: translator 2010/06/12 ver 1.10

("C:\Program Files (x86)\MiKTeX 2.9\tex\latex\beamer\translator\translator-lang
uage-mappings.tex"))
("C:\Program Files (x86)\MiKTeX 2.9\tex\latex\glossaries-english\glossaries-eng
lish.ldf"
File: glossaries-english.ldf 2014/11/23 v1.0
)
\gls@level=\count152
\@gls@tmpb=\toks36
\gls@tmplen=\skip65
\glskeylisttok=\toks37
\glslabeltok=\toks38
\glsshorttok=\toks39
\glslongtok=\toks40

("C:\Program Files (x86)\MiKTeX 2.9\tex\latex\glossaries\styles\glossary-hypern
av.sty"
Package: glossary-hypernav 2017/01/19 v4.29 (NLCT)
)
("C:\Program Files (x86)\MiKTeX 2.9\tex\latex\glossaries\styles\glossary-list.s
ty"
Package: glossary-list 2017/01/19 v4.29 (NLCT)
\glslistdottedwidth=\skip66
)
("C:\Program Files (x86)\MiKTeX 2.9\tex\latex\glossaries\styles\glossary-long.s
ty"
Package: glossary-long 2017/01/19 v4.29 (NLCT)
 ("C:\Program Files (x86)\MiKTeX 2.9\tex\latex\tools\longtable.sty"
Package: longtable 2014/10/28 v4.11 Multi-page Table package (DPC)
\LTleft=\skip67
\LTright=\skip68
\LTpre=\skip69
\LTpost=\skip70
\LTchunksize=\count153
\LTcapwidth=\dimen142
\LT@head=\box32
\LT@firsthead=\box33
\LT@foot=\box34
\LT@lastfoot=\box35
\LT@cols=\count154
\LT@rows=\count155
\c@LT@tables=\count156
\c@LT@chunks=\count157
\LT@p@ftn=\toks41
)
\glsdescwidth=\skip71
\glspagelistwidth=\skip72
)
("C:\Program Files (x86)\MiKTeX 2.9\tex\latex\glossaries\styles\glossary-super.
sty"
Package: glossary-super 2017/01/19 v4.29 (NLCT)
)
("C:\Program Files (x86)\MiKTeX 2.9\tex\latex\glossaries\styles\glossary-tree.s
ty"
Package: glossary-tree 2017/01/19 v4.29 (NLCT)
\glstreeindent=\skip73
)) (thesis.aux (introduction.aux) (ur_draft_amit.aux) (jsb_submission.aux

LaTeX Warning: Label `' multiply defined.


LaTeX Warning: Label `sub@' multiply defined.


LaTeX Warning: Label `' multiply defined.


LaTeX Warning: Label `' multiply defined.


LaTeX Warning: Label `' multiply defined.


LaTeX Warning: Label `' multiply defined.

) (cwf_isbi.aux

LaTeX Warning: Label `sec:intro' multiply defined.

) (anisotropic.aux) (conclusion.aux) (appendix.aux))
\openout1 = `thesis.aux'.

LaTeX Font Info:    Checking defaults for OML/cmm/m/it on input line 61.
LaTeX Font Info:    ... okay on input line 61.
LaTeX Font Info:    Checking defaults for T1/cmr/m/n on input line 61.
LaTeX Font Info:    ... okay on input line 61.
LaTeX Font Info:    Checking defaults for OT1/cmr/m/n on input line 61.
LaTeX Font Info:    ... okay on input line 61.
LaTeX Font Info:    Checking defaults for OMS/cmsy/m/n on input line 61.
LaTeX Font Info:    ... okay on input line 61.
LaTeX Font Info:    Checking defaults for OMX/cmex/m/n on input line 61.
LaTeX Font Info:    ... okay on input line 61.
LaTeX Font Info:    Checking defaults for U/cmr/m/n on input line 61.
LaTeX Font Info:    ... okay on input line 61.

("C:\Program Files (x86)\MiKTeX 2.9\tex\context\base\supp-pdf.mkii"
[Loading MPS to PDF converter (version 2006.09.02).]
\scratchcounter=\count158
\scratchdimen=\dimen143
\scratchbox=\box36
\nofMPsegments=\count159
\nofMParguments=\count160
\everyMPshowfont=\toks42
\MPscratchCnt=\count161
\MPscratchDim=\dimen144
\MPnumerator=\count162
\makeMPintoPDFobject=\count163
\everyMPtoPDFconversion=\toks43
) [1

{C:/Users/Main/AppData/Local/MiKTeX/2.9/pdftex/config/pdftex.map}]
LaTeX Font Info:    Try loading font information for OMS+cmr on input line 61.

("C:\Program Files (x86)\MiKTeX 2.9\tex\latex\base\omscmr.fd"
File: omscmr.fd 2014/09/29 v2.5h Standard LaTeX font definitions
)
LaTeX Font Info:    Font shape `OMS/cmr/m/n' in size <12> not available
(Font)              Font shape `OMS/cmsy/m/n' tried instead on input line 61.
 [2

]
(abstract.tex [3

]) [4] (publications.tex
Overfull \hbox (4.62836pt too wide) in paragraph at lines 9--10
\OT1/cmr/m/n/12 Zhizhen Zhao, and Amit Singer, 14th IEEE In-ter-na-tional Sym-p
o-sium on Biomed-
 []

[5

]) [6] (acknowledgments.tex [7

] [8]) [9] [10] [11

] (acronyms.tex
LaTeX Font Info:    Try loading font information for U+msa on input line 1.

("C:\Program Files (x86)\MiKTeX 2.9\tex\latex\amsfonts\umsa.fd"
File: umsa.fd 2013/01/14 v3.01 AMS symbols A
)
LaTeX Font Info:    Try loading font information for U+msb on input line 1.

("C:\Program Files (x86)\MiKTeX 2.9\tex\latex\amsfonts\umsb.fd"
File: umsb.fd 2013/01/14 v3.01 AMS symbols B
)
LaTeX Font Info:    Try loading font information for U+rsfs on input line 1.

("C:\Program Files (x86)\MiKTeX 2.9\tex\latex\jknappen\ursfs.fd"
File: ursfs.fd 1998/03/24 rsfs font definition file (jk)
)
LaTeX Font Info:    Try loading font information for U+lasy on input line 1.

("C:\Program Files (x86)\MiKTeX 2.9\tex\latex\base\ulasy.fd"
File: ulasy.fd 1998/08/17 v2.2e LaTeX symbol font definitions
)) [12

] (thesis.toc [13


] [14] [15])
\tf@toc=\write3
\openout3 = `thesis.toc'.

 [16]
Package caption Info: Begin \AtBeginDocument code.
Package caption Info: subfig package v1.3 is loaded.
Package caption Info: longtable package is loaded.

(C:\Users\Main\AppData\Roaming\MiKTeX\2.9\tex\latex\caption\ltcaption.sty
Package: ltcaption 2013/06/09 v1.4-94 longtable captions (AR)
)
Package caption Info: End \AtBeginDocument code.

(thesis.glsdefs) (thesis.lof

LaTeX Warning: Command \r invalid in math mode on input line 5.

[1





] [2] [3]

LaTeX Warning: Command \r invalid in math mode on input line 35.

[4] [5])
\tf@lof=\write4
\openout4 = `thesis.lof'.

 [6] (thesis.lot)
\tf@lot=\write5
\openout5 = `thesis.lot'.

 [7

]
\openout2 = `introduction.aux'.

 (introduction.tex
Chapter 1.
[8


] [9] <figures/raw_expt_images.png, id=91, 714.41907pt x 235.63031pt>
File: figures/raw_expt_images.png Graphic file (type png)

<use figures/raw_expt_images.png>
Package pdftex.def Info: figures/raw_expt_images.png used on input line 14.
(pdftex.def)             Requested size: 429.28616pt x 141.5878pt.
 [10 <./figures/raw_expt_images.png>]

LaTeX Warning: Command \r invalid in math mode on input line 25.


LaTeX Warning: Command \r invalid in math mode on input line 25.


LaTeX Warning: Command \r invalid in math mode on input line 25.

<figures/cryoem_full_pipeline.pdf, id=95, 917.76144pt x 327.22296pt>
File: figures/cryoem_full_pipeline.pdf Graphic file (type pdf)

<use figures/cryoem_full_pipeline.pdf>
Package pdftex.def Info: figures/cryoem_full_pipeline.pdf used on input line 31
.
(pdftex.def)             Requested size: 390.25534pt x 139.1403pt.
 [11] [12 <./figures/cryoem_full_pipeline.pdf>] [13] [14] [15] [16]
<figures/ctfeg_fig.png, id=124, 578.16pt x 433.62pt>
File: figures/ctfeg_fig.png Graphic file (type png)

<use figures/ctfeg_fig.png>
Package pdftex.def Info: figures/ctfeg_fig.png used on input line 89.
(pdftex.def)             Requested size: 429.28616pt x 321.9655pt.


LaTeX Warning: Command \r invalid in math mode on input line 93.


LaTeX Warning: Command \r invalid in math mode on input line 93.

[17 <./figures/ctfeg_fig.png (PNG copy)>] [18]) [19] [20]
\openout2 = `ur_draft_amit.aux'.

 (ur_draft_amit.tex
Chapter 2.
[21



] [22] [23] [24] [25] [26] [27]
Overfull \hbox (9.27765pt too wide) in paragraph at lines 191--196
\OT1/cmr/m/n/12 If the triplet $\OMS/cmsy/m/n/12 f\OML/cmm/m/it/12 O[]; O[]; O[
]\OMS/cmsy/m/n/12 g$ \OT1/cmr/m/n/12 is a so-lu-tion to (2.17[]), then the pair
 $\OMS/cmsy/m/n/12 f\OML/cmm/m/it/12 O[][][]; O[][][]\OMS/cmsy/m/n/12 g$
 []

[28] [29] <figures/reconstruction_all.png, id=172, 1352.05125pt x 1078.0275pt>
File: figures/reconstruction_all.png Graphic file (type png)

<use figures/reconstruction_all.png>
Package pdftex.def Info: figures/reconstruction_all.png used on input line 254.

(pdftex.def)             Requested size: 429.28616pt x 342.27815pt.


LaTeX Warning: No positions in optional float specifier.
               Default added (so using `tbp') on input line 261.

<figures/proj_all.png, id=174, 761.09344pt x 257.46187pt>
File: figures/proj_all.png Graphic file (type png)

<use figures/proj_all.png>
Package pdftex.def Info: figures/proj_all.png used on input line 263.
(pdftex.def)             Requested size: 411.93767pt x 139.3534pt.
 [30] [31 <./figures/reconstruction_all.png>]
<figures/FSC_final.png, id=182, 489.32813pt x 309.40594pt>
File: figures/FSC_final.png Graphic file (type png)

<use figures/FSC_final.png>
Package pdftex.def Info: figures/FSC_final.png used on input line 290.
(pdftex.def)             Requested size: 411.93767pt x 260.47519pt.
 [32 <./figures/proj_all.png>]) [33 <./figures/FSC_final.png (PNG copy)>]
\openout2 = `jsb_submission.aux'.

 (jsb_submission.tex
Chapter 3.
[34



] [35] [36] [37] [38] [39] [40] [41] [42] [43] [44]

LaTeX Warning: Command \r invalid in math mode on input line 484.

[45]

LaTeX Warning: No positions in optional float specifier.
               Default added (so using `tbp') on input line 513.

<figures/compare_ims_snr1by1_6454.pdf, id=234, 722.7pt x 361.35pt>
File: figures/compare_ims_snr1by1_6454.pdf Graphic file (type pdf)

<use figures/compare_ims_snr1by1_6454.pdf>
Package pdftex.def Info: figures/compare_ims_snr1by1_6454.pdf used on input lin
e 523.
(pdftex.def)             Requested size: 173.44534pt x 86.72025pt.

<figures/compare_ims_snr1by20_6454.pdf, id=235, 722.7pt x 361.35pt>
File: figures/compare_ims_snr1by20_6454.pdf Graphic file (type pdf)

<use figures/compare_ims_snr1by20_6454.pdf>
Package pdftex.def Info: figures/compare_ims_snr1by20_6454.pdf used on input li
ne 528.
(pdftex.def)             Requested size: 173.44534pt x 86.72025pt.

<figures/compare_ims_snr1by40_6454.pdf, id=236, 722.7pt x 361.35pt>
File: figures/compare_ims_snr1by40_6454.pdf Graphic file (type pdf)

<use figures/compare_ims_snr1by40_6454.pdf>
Package pdftex.def Info: figures/compare_ims_snr1by40_6454.pdf used on input li
ne 532.
(pdftex.def)             Requested size: 173.44534pt x 86.72025pt.

<figures/compare_ims_snr1by60_6454.pdf, id=237, 722.7pt x 361.35pt>
File: figures/compare_ims_snr1by60_6454.pdf Graphic file (type pdf)

<use figures/compare_ims_snr1by60_6454.pdf>
Package pdftex.def Info: figures/compare_ims_snr1by60_6454.pdf used on input li
ne 537.
(pdftex.def)             Requested size: 173.44534pt x 86.72025pt.
 [46] [47 <./figures/compare_ims_snr1by1_6454.pdf> <./figures/compare_ims_snr1b
y20_6454.pdf> <./figures/compare_ims_snr1by40_6454.pdf> <./figures/compare_ims_
snr1by60_6454.pdf>]

LaTeX Warning: No positions in optional float specifier.
               Default added (so using `tbp') on input line 572.

<figures/mse_snr_6454.pdf, id=284, 497.86pt x 394.47375pt>
File: figures/mse_snr_6454.pdf Graphic file (type pdf)

<use figures/mse_snr_6454.pdf>
Package pdftex.def Info: figures/mse_snr_6454.pdf used on input line 576.
(pdftex.def)             Requested size: 303.53267pt x 240.50223pt.

<figures/mse_nims_6454.pdf, id=285, 497.86pt x 400.49625pt>
File: figures/mse_nims_6454.pdf Graphic file (type pdf)

<use figures/mse_nims_6454.pdf>
Package pdftex.def Info: figures/mse_nims_6454.pdf used on input line 579.
(pdftex.def)             Requested size: 303.53267pt x 244.17401pt.

<figures/cwf_shrinkage_compare.pdf, id=286, 500.87125pt x 391.4625pt>
File: figures/cwf_shrinkage_compare.pdf Graphic file (type pdf)

<use figures/cwf_shrinkage_compare.pdf>
Package pdftex.def Info: figures/cwf_shrinkage_compare.pdf used on input line 5
97.
(pdftex.def)             Requested size: 390.25534pt x 305.02293pt.


LaTeX Warning: No positions in optional float specifier.
               Default added (so using `tbp') on input line 635.

<figures/compare_ims_col_snr1by1_6454.pdf, id=287, 722.7pt x 361.35pt>
File: figures/compare_ims_col_snr1by1_6454.pdf Graphic file (type pdf)

<use figures/compare_ims_col_snr1by1_6454.pdf>
Package pdftex.def Info: figures/compare_ims_col_snr1by1_6454.pdf used on input
 line 645.
(pdftex.def)             Requested size: 195.12767pt x 97.56029pt.

<figures/compare_ims_col_snr1by10_6454.pdf, id=288, 722.7pt x 361.35pt>
File: figures/compare_ims_col_snr1by10_6454.pdf Graphic file (type pdf)

<use figures/compare_ims_col_snr1by10_6454.pdf>
Package pdftex.def Info: figures/compare_ims_col_snr1by10_6454.pdf used on inpu
t line 649.
(pdftex.def)             Requested size: 195.12767pt x 97.56029pt.

<figures/compare_ims_col_snr1by20_6454.pdf, id=289, 722.7pt x 361.35pt>
File: figures/compare_ims_col_snr1by20_6454.pdf Graphic file (type pdf)

<use figures/compare_ims_col_snr1by20_6454.pdf>
Package pdftex.def Info: figures/compare_ims_col_snr1by20_6454.pdf used on inpu
t line 653.
(pdftex.def)             Requested size: 195.12767pt x 97.56029pt.
 [48] [49 <./figures/mse_snr_6454.pdf> <./figures/mse_nims_6454.pdf>] [50 <./fi
gures/cwf_shrinkage_compare.pdf>] [51 <./figures/compare_ims_col_snr1by1_6454.p
df> <./figures/compare_ims_col_snr1by10_6454.pdf> <./figures/compare_ims_col_sn
r1by20_6454.pdf>]

LaTeX Warning: Command \r invalid in math mode on input line 675.

<figures/jsb_fig_tv.pdf, id=352, 578.16pt x 433.62pt>
File: figures/jsb_fig_tv.pdf Graphic file (type pdf)

<use figures/jsb_fig_tv.pdf>
Package pdftex.def Info: figures/jsb_fig_tv.pdf used on input line 683.
(pdftex.def)             Requested size: 346.89731pt x 260.17401pt.


LaTeX Warning: Command \r invalid in math mode on input line 712.

[52

 <./figures/jsb_fig_tv.pdf>]
<figures/jsb_fig_80s.pdf, id=370, 578.16pt x 433.62pt>
File: figures/jsb_fig_80s.pdf Graphic file (type pdf)

<use figures/jsb_fig_80s.pdf>
Package pdftex.def Info: figures/jsb_fig_80s.pdf used on input line 721.
(pdftex.def)             Requested size: 346.89731pt x 260.17401pt.


LaTeX Warning: `h' float specifier changed to `ht'.


LaTeX Warning: Command \r invalid in math mode on input line 752.

<figures/jsb_fig_ip3.pdf, id=371, 578.16pt x 433.62pt>
File: figures/jsb_fig_ip3.pdf Graphic file (type pdf)

<use figures/jsb_fig_ip3.pdf>
Package pdftex.def Info: figures/jsb_fig_ip3.pdf used on input line 760.
(pdftex.def)             Requested size: 346.89731pt x 260.17401pt.


LaTeX Warning: `h' float specifier changed to `ht'.


LaTeX Warning: Command \r invalid in math mode on input line 788.

[53] <figures/jsb_fig_70s.pdf, id=376, 578.16pt x 433.62pt>
File: figures/jsb_fig_70s.pdf Graphic file (type pdf)

<use figures/jsb_fig_70s.pdf>
Package pdftex.def Info: figures/jsb_fig_70s.pdf used on input line 799.
(pdftex.def)             Requested size: 346.89731pt x 260.17401pt.


LaTeX Warning: `h' float specifier changed to `ht'.

[54 <./figures/jsb_fig_80s.pdf>] [55 <./figures/jsb_fig_ip3.pdf>] [56 <./figure
s/jsb_fig_70s.pdf>]

LaTeX Warning: No positions in optional float specifier.
               Default added (so using `tbp') on input line 854.

<figures/raw_title.pdf, id=428, 495.8525pt x 406.51875pt>
File: figures/raw_title.pdf Graphic file (type pdf)

<use figures/raw_title.pdf>
Package pdftex.def Info: figures/raw_title.pdf used on input line 858.
(pdftex.def)             Requested size: 260.17464pt x 213.30147pt.

<figures/den_title.pdf, id=429, 487.8225pt x 402.50375pt>
File: figures/den_title.pdf Graphic file (type pdf)

<use figures/den_title.pdf>
Package pdftex.def Info: figures/den_title.pdf used on input line 862.
(pdftex.def)             Requested size: 260.17464pt x 214.671pt.

<figures/mean_image.pdf, id=430, 258.9675pt x 258.9675pt>
File: figures/mean_image.pdf Graphic file (type pdf)

<use figures/mean_image.pdf>
Package pdftex.def Info: figures/mean_image.pdf used on input line 865.
(pdftex.def)             Requested size: 54.2025pt x 54.19905pt.

<figures/top_eigim.pdf, id=431, 321.2pt x 61.22874pt>
File: figures/top_eigim.pdf Graphic file (type pdf)

<use figures/top_eigim.pdf>
Package pdftex.def Info: figures/top_eigim.pdf used on input line 869.
(pdftex.def)             Requested size: 303.53267pt x 57.86238pt.
) [57] [58 <./figures/raw_title.pdf> <./figures/den_title.pdf> <./figures/mean_
image.pdf> <./figures/top_eigim.pdf>]
\openout2 = `cwf_isbi.aux'.

 (cwf_isbi.tex
Chapter 4.
<figures/pipeline.pdf, id=468, 853.38826pt x 212.32468pt>
File: figures/pipeline.pdf Graphic file (type pdf)

<use figures/pipeline.pdf>
Package pdftex.def Info: figures/pipeline.pdf used on input line 8.
(pdftex.def)             Requested size: 433.62pt x 107.88564pt.
 [59



 <./figures/pipeline.pdf>] [60]
File: figures/ctfeg_fig.png Graphic file (type png)

<use figures/ctfeg_fig.png>
Package pdftex.def Info: figures/ctfeg_fig.png used on input line 26.
(pdftex.def)             Requested size: 462.52863pt x 346.89647pt.

Overfull \hbox (28.90863pt too wide) in paragraph at lines 26--27
 [] 
 []


LaTeX Warning: Command \r invalid in math mode on input line 32.


LaTeX Warning: Command \r invalid in math mode on input line 32.

[61] [62] [63] [64]

LaTeX Font Warning: Command \small invalid in math mode on input line 137.

LaTeX Font Info:    Calculating math sizes for size <> on input line 140.

LaTeX Font Warning: Font shape `OT1/cmr/m/n' in size <> not available
(Font)              size <5> substituted on input line 140.


LaTeX Font Warning: Font shape `OT1/cmr/m/n' in size <0.7> not available
(Font)              size <5> substituted on input line 140.


LaTeX Font Warning: Font shape `OT1/cmr/m/n' in size <0.5> not available
(Font)              size <5> substituted on input line 140.


LaTeX Font Warning: Font shape `OML/cmm/m/it' in size <> not available
(Font)              size <5> substituted on input line 140.


LaTeX Font Warning: Font shape `OML/cmm/m/it' in size <0.7> not available
(Font)              size <5> substituted on input line 140.


LaTeX Font Warning: Font shape `OML/cmm/m/it' in size <0.5> not available
(Font)              size <5> substituted on input line 140.


LaTeX Font Warning: Font shape `OMS/cmsy/m/n' in size <> not available
(Font)              size <5> substituted on input line 140.


LaTeX Font Warning: Font shape `OMS/cmsy/m/n' in size <0.7> not available
(Font)              size <5> substituted on input line 140.


LaTeX Font Warning: Font shape `OMS/cmsy/m/n' in size <0.5> not available
(Font)              size <5> substituted on input line 140.


LaTeX Font Warning: Font shape `OT1/cmr/bx/n' in size <> not available
(Font)              size <5> substituted on input line 140.


LaTeX Font Warning: Font shape `OT1/cmr/bx/n' in size <0.7> not available
(Font)              size <5> substituted on input line 140.


LaTeX Font Warning: Font shape `OT1/cmr/bx/n' in size <0.5> not available
(Font)              size <5> substituted on input line 140.


LaTeX Font Warning: Font shape `OML/cmm/b/it' in size <> not available
(Font)              size <5> substituted on input line 140.


LaTeX Font Warning: Font shape `OML/cmm/b/it' in size <0.7> not available
(Font)              size <5> substituted on input line 140.


LaTeX Font Warning: Font shape `OML/cmm/b/it' in size <0.5> not available
(Font)              size <5> substituted on input line 140.


LaTeX Font Warning: Font shape `OMS/cmsy/b/n' in size <> not available
(Font)              size <5> substituted on input line 140.


LaTeX Font Warning: Font shape `OMS/cmsy/b/n' in size <0.7> not available
(Font)              size <5> substituted on input line 140.


LaTeX Font Warning: Font shape `OMS/cmsy/b/n' in size <0.5> not available
(Font)              size <5> substituted on input line 140.


LaTeX Font Warning: Font shape `U/rsfs/m/n' in size <> not available
(Font)              size <5> substituted on input line 140.


LaTeX Font Warning: Font shape `U/rsfs/m/n' in size <0.7> not available
(Font)              size <5> substituted on input line 140.


LaTeX Font Warning: Font shape `U/rsfs/m/n' in size <0.5> not available
(Font)              size <5> substituted on input line 140.


LaTeX Font Warning: Font shape `U/lasy/m/n' in size <> not available
(Font)              size <5> substituted on input line 140.


LaTeX Font Warning: Font shape `U/lasy/m/n' in size <0.7> not available
(Font)              size <5> substituted on input line 140.


LaTeX Font Warning: Font shape `U/lasy/m/n' in size <0.5> not available
(Font)              size <5> substituted on input line 140.

[65] [66]

LaTeX Warning: No positions in optional float specifier.
               Default added (so using `tbp') on input line 191.

<figures/fighist_snr1by20.png, id=502, 578.16pt x 433.62pt>
File: figures/fighist_snr1by20.png Graphic file (type png)

<use figures/fighist_snr1by20.png>
Package pdftex.def Info: figures/fighist_snr1by20.png used on input line 223.
(pdftex.def)             Requested size: 212.47617pt x 159.35178pt.

<figures/fighist_snr1by40.png, id=503, 578.16pt x 433.62pt>
File: figures/fighist_snr1by40.png Graphic file (type png)

<use figures/fighist_snr1by40.png>
Package pdftex.def Info: figures/fighist_snr1by40.png used on input line 223.
(pdftex.def)             Requested size: 212.47617pt x 159.35178pt.

<figures/fighist_snr1by60.png, id=504, 578.16pt x 433.62pt>
File: figures/fighist_snr1by60.png Graphic file (type png)

<use figures/fighist_snr1by60.png>
Package pdftex.def Info: figures/fighist_snr1by60.png used on input line 224.
(pdftex.def)             Requested size: 212.47617pt x 159.35178pt.

<figures/fighist_snr1by80.png, id=505, 578.16pt x 433.62pt>
File: figures/fighist_snr1by80.png Graphic file (type png)

<use figures/fighist_snr1by80.png>
Package pdftex.def Info: figures/fighist_snr1by80.png used on input line 224.
(pdftex.def)             Requested size: 212.47617pt x 159.35178pt.

Overfull \hbox (15.33234pt too wide) in paragraph at lines 222--226
 [] 
 []

<figures/classavg_mah_K10_2.pdf, id=506, 508.58571pt x 433.62pt>
File: figures/classavg_mah_K10_2.pdf Graphic file (type pdf)

<use figures/classavg_mah_K10_2.pdf>
Package pdftex.def Info: figures/classavg_mah_K10_2.pdf used on input line 234.

(pdftex.def)             Requested size: 390.25534pt x 332.74377pt.

<figures/classavg_fig3.pdf, id=507, 722.7pt x 174.86935pt>
File: figures/classavg_fig3.pdf Graphic file (type pdf)

<use figures/classavg_fig3.pdf>
Package pdftex.def Info: figures/classavg_fig3.pdf used on input line 236.
(pdftex.def)             Requested size: 390.25534pt x 94.42804pt.
 [67]) [68] [69 <./figures/fighist_snr1by20.png (PNG copy)> <./figures/fighist_
snr1by40.png (PNG copy)> <./figures/fighist_snr1by60.png (PNG copy)> <./figures
/fighist_snr1by80.png (PNG copy)>] [70 <./figures/classavg_mah_K10_2.pdf> <./fi
gures/classavg_fig3.pdf

pdfTeX warning: pdflatex (file ./figures/classavg_fig3.pdf): PDF inclusion: mul
tiple pdfs with page group included in a single page
>] [71]
\openout2 = `anisotropic.aux'.

 (anisotropic.tex
Chapter 5.
[72



]

LaTeX Warning: No positions in optional float specifier.
               Default added (so using `tbp') on input line 56.

<figures/cat.png, id=549, 299.6713pt x 299.6713pt>
File: figures/cat.png Graphic file (type png)
 <use figures/cat.png>
Package pdftex.def Info: figures/cat.png used on input line 60.
(pdftex.def)             Requested size: 130.08731pt x 130.09074pt.

<figures/cat_tail.png, id=550, 299.6713pt x 299.6713pt>
File: figures/cat_tail.png Graphic file (type png)

<use figures/cat_tail.png>
Package pdftex.def Info: figures/cat_tail.png used on input line 61.
(pdftex.def)             Requested size: 130.08731pt x 130.09074pt.

<figures/cat_t1.png, id=551, 299.6713pt x 299.6713pt>
File: figures/cat_t1.png Graphic file (type png)
 <use figures/cat_t1.png>
Package pdftex.def Info: figures/cat_t1.png used on input line 63.
(pdftex.def)             Requested size: 130.08731pt x 130.09074pt.

<figures/cat_t2.png, id=552, 299.6713pt x 299.6713pt>
File: figures/cat_t2.png Graphic file (type png)
 <use figures/cat_t2.png>
Package pdftex.def Info: figures/cat_t2.png used on input line 64.
(pdftex.def)             Requested size: 130.08731pt x 130.09074pt.

[73] [74 <./figures/cat.png (PNG copy)> <./figures/cat_tail.png> <./figures/cat
_t1.png (PNG copy)> <./figures/cat_t2.png (PNG copy)>] [75] [76]
Overfull \hbox (3.17001pt too wide) in paragraph at lines 160--170
[]\OT1/cmr/m/n/12 We ap-ply anisotropic twic-ing to both syn-thetic and ex-per-
i-men-tal cryo-EM datasets,
 []

[77] [78] [79] [80] [81] [82] [83] [84] [85] [86] [87] [88] [89]
Overfull \hbox (14.35947pt too wide) in paragraph at lines 672--672
[]\OT1/cmr/bx/n/14.4 Algorithm 2: Or-thog-o-nal Ex-ten-sion by Anisotropic Twic
-
 []

[90]

LaTeX Warning: No positions in optional float specifier.
               Default added (so using `tbp') on input line 730.

<figures/anis_bias_family.png, id=613, 578.16pt x 433.62pt>
File: figures/anis_bias_family.png Graphic file (type png)

<use figures/anis_bias_family.png>
Package pdftex.def Info: figures/anis_bias_family.png used on input line 731.
(pdftex.def)             Requested size: 390.25534pt x 292.68748pt.
 [91] [92 <./figures/anis_bias_family.png (PNG copy)>]

LaTeX Warning: No positions in optional float specifier.
               Default added (so using `tbp') on input line 761.

<figures/mickey.pdf, id=620, 2119.40318pt x 775.79356pt>
File: figures/mickey.pdf Graphic file (type pdf)

<use figures/mickey.pdf>
Package pdftex.def Info: figures/mickey.pdf used on input line 766.
(pdftex.def)             Requested size: 411.93767pt x 150.78787pt.
 [93]

LaTeX Warning: No positions in optional float specifier.
               Default added (so using `tbp') on input line 795.

<figures/sim8117_compare.pdf, id=625, 1235.01402pt x 721.185pt>
File: figures/sim8117_compare.pdf Graphic file (type pdf)

<use figures/sim8117_compare.pdf>
Package pdftex.def Info: figures/sim8117_compare.pdf used on input line 803.
(pdftex.def)             Requested size: 195.12767pt x 113.93938pt.

<figures/sim8117.pdf, id=626, 2526.54045pt x 598.97218pt>
File: figures/sim8117.pdf Graphic file (type pdf)

<use figures/sim8117.pdf>
Package pdftex.def Info: figures/sim8117.pdf used on input line 805.
(pdftex.def)             Requested size: 424.94574pt x 100.73631pt.

Overfull \hbox (3.32574pt too wide) in paragraph at lines 802--817
 [][] 
 []


LaTeX Warning: Command \r invalid in math mode on input line 827.

[94 <./figures/mickey.pdf>] [95 <./figures/sim8117_compare.pdf> <./figures/sim8
117.pdf

pdfTeX warning: pdflatex (file ./figures/sim8117.pdf): PDF inclusion: multiple 
pdfs with page group included in a single page
>] [96]

LaTeX Warning: No positions in optional float specifier.
               Default added (so using `tbp') on input line 867.

<figures/realdat_unif1.pdf, id=669, 1901.16792pt x 677.45737pt>
File: figures/realdat_unif1.pdf Graphic file (type pdf)

<use figures/realdat_unif1.pdf>
Package pdftex.def Info: figures/realdat_unif1.pdf used on input line 873.
(pdftex.def)             Requested size: 390.25534pt x 139.05539pt.

<figures/realdat_unif0.pdf, id=670, 1895.08pt x 673.85994pt>
File: figures/realdat_unif0.pdf Graphic file (type pdf)

<use figures/realdat_unif0.pdf>
Package pdftex.def Info: figures/realdat_unif0.pdf used on input line 875.
(pdftex.def)             Requested size: 429.28616pt x 152.64017pt.

Overfull \hbox (7.66617pt too wide) in paragraph at lines 872--887
 [][] 
 []


LaTeX Warning: No positions in optional float specifier.
               Default added (so using `tbp') on input line 890.

<figures/viewing_angles_nonunif.png, id=671, 406.51875pt x 311.66437pt>
File: figures/viewing_angles_nonunif.png Graphic file (type png)

<use figures/viewing_angles_nonunif.png>
Package pdftex.def Info: figures/viewing_angles_nonunif.png used on input line 
894.
(pdftex.def)             Requested size: 216.81pt x 166.21805pt.

<figures/viewing_angles_unif.png, id=672, 398.99063pt x 309.40594pt>
File: figures/viewing_angles_unif.png Graphic file (type png)

<use figures/viewing_angles_unif.png>
Package pdftex.def Info: figures/viewing_angles_unif.png used on input line 895
.
(pdftex.def)             Requested size: 216.81pt x 168.12953pt.

Overfull \hbox (24.0pt too wide) in paragraph at lines 893--907
 [][] 
 []


LaTeX Warning: No positions in optional float specifier.
               Default added (so using `tbp') on input line 927.

<figures/realdat_109_fsc.png, id=673, 480.8364pt x 397.0032pt>
File: figures/realdat_109_fsc.png Graphic file (type png)

<use figures/realdat_109_fsc.png>
Package pdftex.def Info: figures/realdat_109_fsc.png used on input line 931.
(pdftex.def)             Requested size: 216.81pt x 179.00719pt.

<figures/realdat_109ball_fsc.png, id=674, 478.9092pt x 397.485pt>
File: figures/realdat_109ball_fsc.png Graphic file (type png)

<use figures/realdat_109ball_fsc.png>
Package pdftex.def Info: figures/realdat_109ball_fsc.png used on input line 932
.
(pdftex.def)             Requested size: 216.81pt x 179.94618pt.

Overfull \hbox (24.0pt too wide) in paragraph at lines 930--944
 [][] 
 []

[97] [98 <./figures/realdat_unif1.pdf> <./figures/realdat_unif0.pdf

pdfTeX warning: pdflatex (file ./figures/realdat_unif0.pdf): PDF inclusion: mul
tiple pdfs with page group included in a single page
>] [99 <./figures/viewing_angles_nonunif.png> <./figures/viewing_angles_unif.pn
g> <./figures/realdat_109_fsc.png> <./figures/realdat_109ball_fsc.png>]
[100]

LaTeX Warning: Command \textendash invalid in math mode on input line 979.


LaTeX Warning: Command \textendash invalid in math mode on input line 979.

) [101]
\openout2 = `conclusion.aux'.

 (conclusion.tex
Chapter 6.
[102



]) [103]
\openout2 = `appendix.aux'.

 (appendix.tex
Chapter 7.
[104



] [105]) [106] (thesis.bbl

! Package inputenc Error: Unicode char ch (U+D4)
(inputenc)                not set up for use with LaTeX.

See the inputenc package documentation for explanation.
Type  H <return>  for immediate help.
 ...                                              
                                                  
l.32 J.~Baik, G.~Ben~Arous, and S.~Pch
                                       .
Your command was ignored.
Type  I <command> <return>  to replace it with another command,
or  <return>  to continue without it.


! Package inputenc Error: Unicode char .\newblock (U+3E8)
(inputenc)                not set up for use with LaTeX.

See the inputenc package documentation for explanation.
Type  H <return>  for immediate help.
 ...                                              
                                                  
l.33 \newblock
               Phase transition of the largest eigenvalue for nonnull comple...

Your command was ignored.
Type  I <command> <return>  to replace it with another command,
or  <return>  to continue without it.

[107


] [108] [109] [110] [111]

! Package inputenc Error: Unicode char nd (U+D3)
(inputenc)                not set up for use with LaTeX.

See the inputenc package documentation for explanation.
Type  H <return>  for immediate help.
 ...                                              
                                                  
l.333 ...osa, M.~S. Mart\'in, S.~Marco, J.~Fernnd
                                                  ez, L.~de~la
Your command was ignored.
Type  I <command> <return>  to replace it with another command,
or  <return>  to continue without it.

[112] [113] [114] [115]

! Package inputenc Error: Keyboard character used is undefined
(inputenc)                in inputencoding `utf8'.

See the inputenc package documentation for explanation.
Type  H <return>  for immediate help.
 ...                                              
                                                  
l.533 C.~Sorzano, S.~Jonic, R.~N
                                 ez-Ramrez, N.~Boisset, and J.~Carazo.
You need to provide a definition with \DeclareInputText 
or \DeclareInputMath before using this key.


! Package inputenc Error: Unicode char ez- (U+10D)
(inputenc)                not set up for use with LaTeX.

See the inputenc package documentation for explanation.
Type  H <return>  for immediate help.
 ...                                              
                                                  
l.533 C.~Sorzano, S.~Jonic, R.~Nez-
                                     Ramrez, N.~Boisset, and J.~Carazo.
Your command was ignored.
Type  I <command> <return>  to replace it with another command,
or  <return>  to continue without it.


! Package inputenc Error: Unicode char re (U+E4)
(inputenc)                not set up for use with LaTeX.

See the inputenc package documentation for explanation.
Type  H <return>  for immediate help.
 ...                                              
                                                  
l.533 C.~Sorzano, S.~Jonic, R.~Nez-Ramre
                                           z, N.~Boisset, and J.~Carazo.
Your command was ignored.
Type  I <command> <return>  to replace it with another command,
or  <return>  to continue without it.

[116]

! Package inputenc Error: Unicode char n,V (U+F3)
(inputenc)                not set up for use with LaTeX.

See the inputenc package documentation for explanation.
Type  H <return>  for immediate help.
 ...                                              
                                                  
l.539 C.~O. Sorzano, J.~Vargas, J.~Otn, V
                                          .~Abrishami, J.~M. de~la Rosa-Trevn,

Your command was ignored.
Type  I <command> <return>  to replace it with another command,
or  <return>  to continue without it.


! Package inputenc Error: Unicode char n, (U+A7)
(inputenc)                not set up for use with LaTeX.

See the inputenc package documentation for explanation.
Type  H <return>  for immediate help.
 ...                                              
                                                  
l.539 ...n, V.~Abrishami, J.~M. de~la Rosa-Trevn,
                                                  
Your command was ignored.
Type  I <command> <return>  to replace it with another command,
or  <return>  to continue without it.


! Package inputenc Error: Unicode char nd (U+D3)
(inputenc)                not set up for use with LaTeX.

See the inputenc package documentation for explanation.
Type  H <return>  for immediate help.
 ...                                              
                                                  
l.540   S.~del Riego, A.~Fernnd
                                ez-Alderete, C.~Martnez-Rey, R.~Marabini, a...

Your command was ignored.
Type  I <command> <return>  to replace it with another command,
or  <return>  to continue without it.


! Package inputenc Error: Unicode char ne (U+E0)
(inputenc)                not set up for use with LaTeX.

See the inputenc package documentation for explanation.
Type  H <return>  for immediate help.
 ...                                              
                                                  
l.540 ... Riego, A.~Fernndez-Alderete, C.~Martne
                                                  z-Rey, R.~Marabini, and J.~M.

Your command was ignored.
Type  I <command> <return>  to replace it with another command,
or  <return>  to continue without it.

[117] [118] [119]) [120] (thesis.aux (introduction.aux) (ur_draft_amit.aux)
(jsb_submission.aux) (cwf_isbi.aux) (anisotropic.aux) (conclusion.aux)
(appendix.aux))

LaTeX Font Warning: Size substitutions with differences
(Font)              up to 4.5pt have occurred.


LaTeX Warning: There were multiply-defined labels.

 ) 
Here is how much of TeX's memory you used:
 12700 strings out of 493335
 206514 string characters out of 3136683
 328496 words of memory out of 3000000
 15816 multiletter control sequences out of 15000+200000
 27577 words of font info for 111 fonts, out of 3000000 for 9000
 1141 hyphenation exceptions out of 8191
 46i,19n,89p,2386b,497s stack positions out of 5000i,500n,10000p,200000b,50000s
<C:/Program Files (x86)/MiKTeX 2.9/fonts/type1/public/amsfonts/cm/cmbx10.pfb>
<C:/Program Files (x86)/MiKTeX 2.9/fonts/type1/public/amsfonts/cm/cmbx12.pfb><C
:/Program Files (x86)/MiKTeX 2.9/fonts/type1/public/amsfonts/cm/cmbx8.pfb><C:/P
rogram Files (x86)/MiKTeX 2.9/fonts/type1/public/amsfonts/cm/cmcsc10.pfb><C:/Pr
ogram Files (x86)/MiKTeX 2.9/fonts/type1/public/amsfonts/cm/cmex10.pfb><C:/Prog
ram Files (x86)/MiKTeX 2.9/fonts/type1/public/amsfonts/cm/cmmi10.pfb><C:/Progra
m Files (x86)/MiKTeX 2.9/fonts/type1/public/amsfonts/cm/cmmi12.pfb><C:/Program 
Files (x86)/MiKTeX 2.9/fonts/type1/public/amsfonts/cm/cmmi6.pfb><C:/Program Fil
es (x86)/MiKTeX 2.9/fonts/type1/public/amsfonts/cm/cmmi7.pfb><C:/Program Files 
(x86)/MiKTeX 2.9/fonts/type1/public/amsfonts/cm/cmmi8.pfb><C:/Program Files (x8
6)/MiKTeX 2.9/fonts/type1/public/amsfonts/cm/cmmib10.pfb><C:/Program Files (x86
)/MiKTeX 2.9/fonts/type1/public/amsfonts/cmextra/cmmib8.pfb><C:/Program Files (
x86)/MiKTeX 2.9/fonts/type1/public/amsfonts/cm/cmr10.pfb><C:/Program Files (x86
)/MiKTeX 2.9/fonts/type1/public/amsfonts/cm/cmr12.pfb><C:/Program Files (x86)/M
iKTeX 2.9/fonts/type1/public/amsfonts/cm/cmr6.pfb><C:/Program Files (x86)/MiKTe
X 2.9/fonts/type1/public/amsfonts/cm/cmr7.pfb><C:/Program Files (x86)/MiKTeX 2.
9/fonts/type1/public/amsfonts/cm/cmr8.pfb><C:/Program Files (x86)/MiKTeX 2.9/fo
nts/type1/public/amsfonts/cm/cmsy10.pfb><C:/Program Files (x86)/MiKTeX 2.9/font
s/type1/public/amsfonts/cm/cmsy6.pfb><C:/Program Files (x86)/MiKTeX 2.9/fonts/t
ype1/public/amsfonts/cm/cmsy7.pfb><C:/Program Files (x86)/MiKTeX 2.9/fonts/type
1/public/amsfonts/cm/cmsy8.pfb><C:/Program Files (x86)/MiKTeX 2.9/fonts/type1/p
ublic/amsfonts/cm/cmti12.pfb><C:/Program Files (x86)/MiKTeX 2.9/fonts/type1/pub
lic/amsfonts/cm/cmti8.pfb><C:/Program Files (x86)/MiKTeX 2.9/fonts/type1/public
/amsfonts/cm/cmtt12.pfb><C:/Program Files (x86)/MiKTeX 2.9/fonts/type1/public/a
msfonts/symbols/msbm10.pfb>
Output written on thesis.pdf (136 pages, 10706507 bytes).
PDF statistics:
 859 PDF objects out of 1000 (max. 8388607)
 0 named destinations out of 1000 (max. 500000)
 226 words of extra memory for PDF output out of 10000 (max. 10000000)

